{"/Users/nauzet/Documents/Gestor-De-Reservas-De-Hoteles/GestorReservasHotel/frontend/src/components/Header.jsx": {"path":"/Users/nauzet/Documents/Gestor-De-Reservas-De-Hoteles/GestorReservasHotel/frontend/src/components/Header.jsx","statementMap":{"0":{"start":{"line":6,"column":8},"end":{"line":6,"column":null}},"1":{"start":{"line":7,"column":46},"end":{"line":7,"column":null}},"2":{"start":{"line":9,"column":23},"end":{"line":12,"column":null}},"3":{"start":{"line":10,"column":4},"end":{"line":10,"column":null}},"4":{"start":{"line":10,"column":18},"end":{"line":10,"column":null}},"5":{"start":{"line":11,"column":4},"end":{"line":11,"column":null}},"6":{"start":{"line":14,"column":2},"end":{"line":95,"column":null}}},"fnMap":{"0":{"name":"Header","decl":{"start":{"line":5,"column":24},"end":{"line":5,"column":31}},"loc":{"start":{"line":5,"column":51},"end":{"line":97,"column":null}},"line":5},"1":{"name":"(anonymous_1)","decl":{"start":{"line":9,"column":23},"end":{"line":9,"column":29}},"loc":{"start":{"line":9,"column":29},"end":{"line":12,"column":null}},"line":9}},"branchMap":{"0":{"loc":{"start":{"line":10,"column":4},"end":{"line":10,"column":null}},"type":"if","locations":[{"start":{"line":10,"column":4},"end":{"line":10,"column":null}},{"start":{},"end":{}}],"line":10},"1":{"loc":{"start":{"line":38,"column":13},"end":{"line":43,"column":null}},"type":"binary-expr","locations":[{"start":{"line":38,"column":13},"end":{"line":38,"column":22}},{"start":{"line":38,"column":22},"end":{"line":38,"column":47}},{"start":{"line":38,"column":47},"end":{"line":38,"column":null}},{"start":{"line":39,"column":14},"end":{"line":43,"column":null}}],"line":38},"2":{"loc":{"start":{"line":51,"column":13},"end":{"line":90,"column":null}},"type":"cond-expr","locations":[{"start":{"line":52,"column":14},"end":{"line":84,"column":null}},{"start":{"line":87,"column":14},"end":{"line":90,"column":null}}],"line":51},"3":{"loc":{"start":{"line":62,"column":21},"end":{"line":62,"column":null}},"type":"cond-expr","locations":[{"start":{"line":62,"column":33},"end":{"line":62,"column":69}},{"start":{"line":62,"column":69},"end":{"line":62,"column":null}}],"line":62}},"s":{"0":5,"1":5,"2":5,"3":1,"4":1,"5":1,"6":5},"f":{"0":5,"1":1},"b":{"0":[1,0],"1":[5,4,3,1],"2":[4,1],"3":[4,0]},"meta":{"lastBranch":4,"lastFunction":2,"lastStatement":7,"seen":{"f:5:24:5:31":0,"s:6:8:6:Infinity":0,"s:7:46:7:Infinity":1,"s:9:23:12:Infinity":2,"f:9:23:9:29":1,"b:10:4:10:Infinity:undefined:undefined:undefined:undefined":0,"s:10:4:10:Infinity":3,"s:10:18:10:Infinity":4,"s:11:4:11:Infinity":5,"s:14:2:95:Infinity":6,"b:38:13:38:22:38:22:38:47:38:47:38:Infinity:39:14:43:Infinity":1,"b:52:14:84:Infinity:87:14:90:Infinity":2,"b:62:33:62:69:62:69:62:Infinity":3}}}
,"/Users/nauzet/Documents/Gestor-De-Reservas-De-Hoteles/GestorReservasHotel/frontend/src/services/reservationsApi.js": {"path":"/Users/nauzet/Documents/Gestor-De-Reservas-De-Hoteles/GestorReservasHotel/frontend/src/services/reservationsApi.js","statementMap":{"0":{"start":{"line":1,"column":16},"end":{"line":1,"column":56}},"1":{"start":{"line":4,"column":14},"end":{"line":8,"column":4}},"2":{"start":{"line":10,"column":2},"end":{"line":13,"column":null}},"3":{"start":{"line":11,"column":17},"end":{"line":11,"column":49}},"4":{"start":{"line":11,"column":46},"end":{"line":11,"column":48}},"5":{"start":{"line":12,"column":4},"end":{"line":12,"column":null}},"6":{"start":{"line":15,"column":2},"end":{"line":15,"column":null}}},"fnMap":{"0":{"name":"createReservation","decl":{"start":{"line":3,"column":22},"end":{"line":3,"column":39}},"loc":{"start":{"line":3,"column":49},"end":{"line":16,"column":null}},"line":3},"1":{"name":"(anonymous_1)","decl":{"start":{"line":11,"column":40},"end":{"line":11,"column":41}},"loc":{"start":{"line":11,"column":46},"end":{"line":11,"column":48}},"line":11}},"branchMap":{"0":{"loc":{"start":{"line":10,"column":2},"end":{"line":13,"column":null}},"type":"if","locations":[{"start":{"line":10,"column":2},"end":{"line":13,"column":null}},{"start":{},"end":{}}],"line":10}},"s":{"0":1,"1":3,"2":2,"3":1,"4":0,"5":1,"6":1},"f":{"0":3,"1":0},"b":{"0":[1,1]},"meta":{"lastBranch":1,"lastFunction":2,"lastStatement":7,"seen":{"s:1:16:1:56":0,"f:3:22:3:39":0,"s:4:14:8:4":1,"b:10:2:13:Infinity:undefined:undefined:undefined:undefined":0,"s:10:2:13:Infinity":2,"s:11:17:11:49":3,"f:11:40:11:41":1,"s:11:46:11:48":4,"s:12:4:12:Infinity":5,"s:15:2:15:Infinity":6}}}
,"/Users/nauzet/Documents/Gestor-De-Reservas-De-Hoteles/GestorReservasHotel/frontend/src/utils/priceCalculator.js": {"path":"/Users/nauzet/Documents/Gestor-De-Reservas-De-Hoteles/GestorReservasHotel/frontend/src/utils/priceCalculator.js","statementMap":{"0":{"start":{"line":1,"column":41},"end":{"line":18,"column":1}},"1":{"start":{"line":2,"column":19},"end":{"line":2,"column":64}},"2":{"start":{"line":2,"column":27},"end":{"line":2,"column":63}},"3":{"start":{"line":3,"column":16},"end":{"line":3,"column":31}},"4":{"start":{"line":4,"column":17},"end":{"line":4,"column":33}},"5":{"start":{"line":6,"column":17},"end":{"line":6,"column":18}},"6":{"start":{"line":7,"column":4},"end":{"line":9,"column":null}},"7":{"start":{"line":8,"column":8},"end":{"line":8,"column":null}},"8":{"start":{"line":11,"column":26},"end":{"line":11,"column":48}},"9":{"start":{"line":12,"column":21},"end":{"line":12,"column":43}},"10":{"start":{"line":14,"column":18},"end":{"line":14,"column":56}},"11":{"start":{"line":15,"column":18},"end":{"line":15,"column":60}},"12":{"start":{"line":17,"column":4},"end":{"line":17,"column":null}}},"fnMap":{"0":{"name":"(anonymous_0)","decl":{"start":{"line":1,"column":41},"end":{"line":1,"column":42}},"loc":{"start":{"line":1,"column":75},"end":{"line":18,"column":1}},"line":1},"1":{"name":"(anonymous_1)","decl":{"start":{"line":2,"column":19},"end":{"line":2,"column":20}},"loc":{"start":{"line":2,"column":27},"end":{"line":2,"column":63}},"line":2}},"branchMap":{"0":{"loc":{"start":{"line":2,"column":27},"end":{"line":2,"column":63}},"type":"cond-expr","locations":[{"start":{"line":2,"column":31},"end":{"line":2,"column":56}},{"start":{"line":2,"column":59},"end":{"line":2,"column":63}}],"line":2},"1":{"loc":{"start":{"line":7,"column":4},"end":{"line":9,"column":null}},"type":"if","locations":[{"start":{"line":7,"column":4},"end":{"line":9,"column":null}},{"start":{},"end":{}}],"line":7},"2":{"loc":{"start":{"line":7,"column":8},"end":{"line":7,"column":33}},"type":"binary-expr","locations":[{"start":{"line":7,"column":8},"end":{"line":7,"column":11}},{"start":{"line":7,"column":15},"end":{"line":7,"column":19}},{"start":{"line":7,"column":23},"end":{"line":7,"column":33}}],"line":7},"3":{"loc":{"start":{"line":11,"column":33},"end":{"line":11,"column":47}},"type":"binary-expr","locations":[{"start":{"line":11,"column":33},"end":{"line":11,"column":42}},{"start":{"line":11,"column":46},"end":{"line":11,"column":47}}],"line":11}},"s":{"0":1,"1":4,"2":8,"3":4,"4":4,"5":4,"6":4,"7":3,"8":4,"9":4,"10":4,"11":4,"12":4},"f":{"0":4,"1":8},"b":{"0":[8,0],"1":[3,1],"2":[4,4,4],"3":[4,1]},"meta":{"lastBranch":4,"lastFunction":2,"lastStatement":13,"seen":{"s:1:41:18:1":0,"f:1:41:1:42":0,"s:2:19:2:64":1,"f:2:19:2:20":1,"s:2:27:2:63":2,"b:2:31:2:56:2:59:2:63":0,"s:3:16:3:31":3,"s:4:17:4:33":4,"s:6:17:6:18":5,"b:7:4:9:Infinity:undefined:undefined:undefined:undefined":1,"s:7:4:9:Infinity":6,"b:7:8:7:11:7:15:7:19:7:23:7:33":2,"s:8:8:8:Infinity":7,"s:11:26:11:48":8,"b:11:33:11:42:11:46:11:47":3,"s:12:21:12:43":9,"s:14:18:14:56":10,"s:15:18:15:60":11,"s:17:4:17:Infinity":12}}}
}
